cl : command line  warning D9035: option 'Zc:forScope-' has been deprecated and will be removed in a future release
  Game.cpp
  GSPlay.cpp
C:\Users\admin\Desktop\LeNgocMinh_NguyenBaoQuang_KhanhToan\SDL2Project\SDL\src\GameStates\GSPlay.cpp(135,26): warning C4244: 'argument': conversion from 'int' to 'float', possible loss of data
C:\Users\admin\Desktop\LeNgocMinh_NguyenBaoQuang_KhanhToan\SDL2Project\SDL\src\GameStates\GSPlay.cpp(135,23): warning C4244: 'argument': conversion from 'int' to 'float', possible loss of data
C:\Users\admin\Desktop\LeNgocMinh_NguyenBaoQuang_KhanhToan\SDL2Project\SDL\src\GameStates\GSPlay.cpp(141,26): warning C4244: 'argument': conversion from 'int' to 'float', possible loss of data
C:\Users\admin\Desktop\LeNgocMinh_NguyenBaoQuang_KhanhToan\SDL2Project\SDL\src\GameStates\GSPlay.cpp(141,23): warning C4244: 'argument': conversion from 'int' to 'float', possible loss of data
C:\Users\admin\Desktop\LeNgocMinh_NguyenBaoQuang_KhanhToan\SDL2Project\SDL\src\GameStates\GSPlay.cpp(148,27): warning C4244: 'argument': conversion from 'int' to 'float', possible loss of data
C:\Users\admin\Desktop\LeNgocMinh_NguyenBaoQuang_KhanhToan\SDL2Project\SDL\src\GameStates\GSPlay.cpp(148,24): warning C4244: 'argument': conversion from 'int' to 'float', possible loss of data
C:\Users\admin\Desktop\LeNgocMinh_NguyenBaoQuang_KhanhToan\SDL2Project\SDL\src\GameStates\GSPlay.cpp(154,26): warning C4244: 'argument': conversion from 'int' to 'float', possible loss of data
C:\Users\admin\Desktop\LeNgocMinh_NguyenBaoQuang_KhanhToan\SDL2Project\SDL\src\GameStates\GSPlay.cpp(154,23): warning C4244: 'argument': conversion from 'int' to 'float', possible loss of data
C:\Users\admin\Desktop\LeNgocMinh_NguyenBaoQuang_KhanhToan\SDL2Project\SDL\src\GameStates\GSPlay.cpp(486,65): warning C4244: 'argument': conversion from 'double' to 'int', possible loss of data
C:\Users\admin\Desktop\LeNgocMinh_NguyenBaoQuang_KhanhToan\SDL2Project\SDL\src\GameStates\GSPlay.cpp(488,51): warning C4244: 'argument': conversion from 'const double' to 'int', possible loss of data
C:\Users\admin\Desktop\LeNgocMinh_NguyenBaoQuang_KhanhToan\SDL2Project\SDL\src\GameStates\GSPlay.cpp(541,24): warning C4267: 'initializing': conversion from 'size_t' to 'int', possible loss of data
C:\Users\admin\Desktop\LeNgocMinh_NguyenBaoQuang_KhanhToan\SDL2Project\SDL\src\GameStates\GSPlay.cpp(550,87): warning C4244: 'argument': conversion from 'll' to 'int', possible loss of data
C:\Users\admin\Desktop\LeNgocMinh_NguyenBaoQuang_KhanhToan\SDL2Project\SDL\src\GameStates\GSPlay.cpp(550,59): warning C4244: 'argument': conversion from 'll' to 'int', possible loss of data
C:\Users\admin\Desktop\LeNgocMinh_NguyenBaoQuang_KhanhToan\SDL2Project\SDL\src\GameStates\GSPlay.cpp(596,24): warning C4267: 'initializing': conversion from 'size_t' to 'int', possible loss of data
C:\Users\admin\Desktop\LeNgocMinh_NguyenBaoQuang_KhanhToan\SDL2Project\SDL\src\GameStates\GSPlay.cpp(618,28): warning C4267: 'initializing': conversion from 'size_t' to 'int', possible loss of data
C:\Users\admin\Desktop\LeNgocMinh_NguyenBaoQuang_KhanhToan\SDL2Project\SDL\src\GameStates\GSPlay.cpp(636,40): warning C4244: 'initializing': conversion from 'll' to 'int', possible loss of data
C:\Users\admin\Desktop\LeNgocMinh_NguyenBaoQuang_KhanhToan\SDL2Project\SDL\src\GameStates\GSPlay.cpp(665,48): warning C4244: 'initializing': conversion from 'll' to 'int', possible loss of data
C:\Users\admin\Desktop\LeNgocMinh_NguyenBaoQuang_KhanhToan\SDL2Project\SDL\src\GameStates\GSPlay.cpp(682,40): warning C4267: 'initializing': conversion from 'size_t' to 'int', possible loss of data
C:\Users\admin\Desktop\LeNgocMinh_NguyenBaoQuang_KhanhToan\SDL2Project\SDL\src\GameStates\GSPlay.cpp(690,52): warning C4244: 'initializing': conversion from 'll' to 'int', possible loss of data
C:\Users\admin\Desktop\LeNgocMinh_NguyenBaoQuang_KhanhToan\SDL2Project\SDL\src\GameStates\GSPlay.cpp(714,24): warning C4267: 'initializing': conversion from 'size_t' to 'int', possible loss of data
C:\Users\admin\Desktop\LeNgocMinh_NguyenBaoQuang_KhanhToan\SDL2Project\SDL\src\GameStates\GSPlay.cpp(760,16): warning C4267: 'initializing': conversion from 'size_t' to 'int', possible loss of data
C:\Users\admin\Desktop\LeNgocMinh_NguyenBaoQuang_KhanhToan\SDL2Project\SDL\src\GameStates\GSPlay.cpp(796,28): warning C4267: 'initializing': conversion from 'size_t' to 'int', possible loss of data
C:\Users\admin\Desktop\LeNgocMinh_NguyenBaoQuang_KhanhToan\SDL2Project\SDL\src\GameStates\GSPlay.cpp(947,24): warning C4267: 'initializing': conversion from 'size_t' to 'int', possible loss of data
C:\Users\admin\Desktop\LeNgocMinh_NguyenBaoQuang_KhanhToan\SDL2Project\SDL\src\GameStates\GSPlay.cpp(950,99): warning C4244: '=': conversion from 'double' to 'int', possible loss of data
C:\Users\admin\Desktop\LeNgocMinh_NguyenBaoQuang_KhanhToan\SDL2Project\SDL\src\GameStates\GSPlay.cpp(951,81): warning C4244: '=': conversion from 'double' to 'int', possible loss of data
C:\Users\admin\Desktop\LeNgocMinh_NguyenBaoQuang_KhanhToan\SDL2Project\SDL\src\GameStates\GSPlay.cpp(952,35): warning C4244: '=': conversion from 'double' to 'int', possible loss of data
C:\Users\admin\Desktop\LeNgocMinh_NguyenBaoQuang_KhanhToan\SDL2Project\SDL\src\GameStates\GSPlay.cpp(953,35): warning C4244: '=': conversion from 'double' to 'int', possible loss of data
  Generating code
  2 of 2195 functions (<0.1%) were compiled, the rest were copied from previous compilation.
    0 functions were new in current compilation
    4 functions had inline decision re-evaluated but remain unchanged
  Finished generating code
  SDL.vcxproj -> C:\Users\admin\Desktop\LeNgocMinh_NguyenBaoQuang_KhanhToan\SDL2Project\x64\Release\SDL.exe
  0 File(s) copied
  C:\Users\admin\Desktop\LeNgocMinh_NguyenBaoQuang_KhanhToan\SDL2Project\SDL\Data\player_info.txt
  C:\Users\admin\Desktop\LeNgocMinh_NguyenBaoQuang_KhanhToan\SDL2Project\SDL\Data\setting_sound.txt
  2 File(s) copied
  0 File(s) copied
  0 File(s) copied
